# JRE version: OpenJDK Runtime Environment Corretto-17.0.8.8.1 (17.0.8.1+8) (build 17.0.8.1+8-LTS)
# Java VM: OpenJDK 64-Bit Server VM Corretto-17.0.8.8.1 (17.0.8.1+8-LTS, mixed mode, sharing, tiered, compressed oops, compressed class ptrs, g1 gc, windows-amd64)
GC Precious Log:
 CPUs: 4 total, 4 available
 Memory: 7994M
 Large Page Support: Disabled
 NUMA Support: Disabled
 Compressed Oops: Enabled (32-bit)
 Heap Region Size: 1M
 Heap Min Capacity: 512M
 Heap Initial Capacity: 512M
 Heap Max Capacity: 1G
 Pre-touch: Disabled
 Parallel Workers: 4
 Concurrent Workers: 1
 Concurrent Refinement Workers: 4
 Periodic GC: Disabled
Heap:
 garbage-first heap   total 524288K, used 69663K [0x00000000c0000000, 0x0000000100000000)
  region size 1024K, 62 young (63488K), 16 survivors (16384K)
 Metaspace       used 66555K, committed 67072K, reserved 1114112K
  class space    used 9017K, committed 9280K, reserved 1048576K
GC Heap History (12 events):
Event: 1.345 GC heap before
{Heap before GC invocations=0 (full 0):
 garbage-first heap   total 524288K, used 27648K [0x00000000c0000000, 0x0000000100000000)
  region size 1024K, 25 young (25600K), 0 survivors (0K)
 Metaspace       used 7332K, committed 7488K, reserved 1114112K
  class space    used 812K, committed 896K, reserved 1048576K
}
Event: 1.352 GC heap after
{Heap after GC invocations=1 (full 0):
 garbage-first heap   total 524288K, used 7910K [0x00000000c0000000, 0x0000000100000000)
  region size 1024K, 4 young (4096K), 4 survivors (4096K)
 Metaspace       used 7332K, committed 7488K, reserved 1114112K
  class space    used 812K, committed 896K, reserved 1048576K
}
Event: 2.080 GC heap before
{Heap before GC invocations=1 (full 0):
 garbage-first heap   total 524288K, used 29414K [0x00000000c0000000, 0x0000000100000000)
  region size 1024K, 25 young (25600K), 4 survivors (4096K)
 Metaspace       used 12951K, committed 13184K, reserved 1114112K
  class space    used 1480K, committed 1600K, reserved 1048576K
}
Event: 2.087 GC heap after
{Heap after GC invocations=2 (full 0):
 garbage-first heap   total 524288K, used 9412K [0x00000000c0000000, 0x0000000100000000)
  region size 1024K, 2 young (2048K), 2 survivors (2048K)
 Metaspace       used 12951K, committed 13184K, reserved 1114112K
  class space    used 1480K, committed 1600K, reserved 1048576K
}
Event: 3.318 GC heap before
{Heap before GC invocations=2 (full 0):
 garbage-first heap   total 524288K, used 47300K [0x00000000c0000000, 0x0000000100000000)
  region size 1024K, 39 young (39936K), 2 survivors (2048K)
 Metaspace       used 21262K, committed 21504K, reserved 1114112K
  class space    used 2563K, committed 2688K, reserved 1048576K
}
Event: 3.325 GC heap after
{Heap after GC invocations=3 (full 0):
 garbage-first heap   total 524288K, used 11941K [0x00000000c0000000, 0x0000000100000000)
  region size 1024K, 5 young (5120K), 5 survivors (5120K)
 Metaspace       used 21262K, committed 21504K, reserved 1114112K
  class space    used 2563K, committed 2688K, reserved 1048576K
}
Event: 3.328 GC heap before
{Heap before GC invocations=3 (full 0):
 garbage-first heap   total 524288K, used 11941K [0x00000000c0000000, 0x0000000100000000)
  region size 1024K, 6 young (6144K), 5 survivors (5120K)
 Metaspace       used 21272K, committed 21568K, reserved 1114112K
  class space    used 2565K, committed 2688K, reserved 1048576K
}
Event: 3.333 GC heap after
{Heap after GC invocations=4 (full 0):
 garbage-first heap   total 524288K, used 12034K [0x00000000c0000000, 0x0000000100000000)
  region size 1024K, 5 young (5120K), 5 survivors (5120K)
 Metaspace       used 21272K, committed 21568K, reserved 1114112K
  class space    used 2565K, committed 2688K, reserved 1048576K
}
Event: 6.865 GC heap before
{Heap before GC invocations=5 (full 0):
 garbage-first heap   total 524288K, used 116482K [0x00000000c0000000, 0x0000000100000000)
  region size 1024K, 108 young (110592K), 5 survivors (5120K)
 Metaspace       used 35913K, committed 36288K, reserved 1114112K
  class space    used 4556K, committed 4736K, reserved 1048576K
}
Event: 6.881 GC heap after
{Heap after GC invocations=6 (full 0):
 garbage-first heap   total 524288K, used 19033K [0x00000000c0000000, 0x0000000100000000)
  region size 1024K, 11 young (11264K), 11 survivors (11264K)
 Metaspace       used 35913K, committed 36288K, reserved 1114112K
  class space    used 4556K, committed 4736K, reserved 1048576K
}
Event: 10.414 GC heap before
{Heap before GC invocations=7 (full 0):
 garbage-first heap   total 524288K, used 133721K [0x00000000c0000000, 0x0000000100000000)
  region size 1024K, 125 young (128000K), 11 survivors (11264K)
 Metaspace       used 60242K, committed 60736K, reserved 1114112K
  class space    used 8112K, committed 8384K, reserved 1048576K
}
Event: 10.435 GC heap after
{Heap after GC invocations=8 (full 0):
 garbage-first heap   total 524288K, used 23583K [0x00000000c0000000, 0x0000000100000000)
  region size 1024K, 16 young (16384K), 16 survivors (16384K)
 Metaspace       used 60242K, committed 60736K, reserved 1114112K
  class space    used 8112K, committed 8384K, reserved 1048576K
}

