# JRE version: OpenJDK Runtime Environment Corretto-17.0.8.8.1 (17.0.8.1+8) (build 17.0.8.1+8-LTS)
# Java VM: OpenJDK 64-Bit Server VM Corretto-17.0.8.8.1 (17.0.8.1+8-LTS, mixed mode, sharing, tiered, compressed oops, compressed class ptrs, g1 gc, windows-amd64)
GC Precious Log:
 CPUs: 4 total, 4 available
 Memory: 7994M
 Large Page Support: Disabled
 NUMA Support: Disabled
 Compressed Oops: Enabled (32-bit)
 Heap Region Size: 1M
 Heap Min Capacity: 8M
 Heap Initial Capacity: 126M
 Heap Max Capacity: 2000M
 Pre-touch: Disabled
 Parallel Workers: 4
 Concurrent Workers: 1
 Concurrent Refinement Workers: 4
 Periodic GC: Disabled
Heap:
 garbage-first heap   total 71680K, used 38978K [0x0000000083000000, 0x0000000100000000)
  region size 1024K, 11 young (11264K), 2 survivors (2048K)
 Metaspace       used 74976K, committed 75648K, reserved 1114112K
  class space    used 10238K, committed 10560K, reserved 1048576K
GC Heap History (20 events):
Event: 10.969 GC heap before
{Heap before GC invocations=9 (full 0):
 garbage-first heap   total 48128K, used 34342K [0x0000000083000000, 0x0000000100000000)
  region size 1024K, 19 young (19456K), 2 survivors (2048K)
 Metaspace       used 31765K, committed 32192K, reserved 1114112K
  class space    used 3951K, committed 4160K, reserved 1048576K
}
Event: 10.984 GC heap after
{Heap after GC invocations=10 (full 0):
 garbage-first heap   total 48128K, used 18156K [0x0000000083000000, 0x0000000100000000)
  region size 1024K, 3 young (3072K), 3 survivors (3072K)
 Metaspace       used 31765K, committed 32192K, reserved 1114112K
  class space    used 3951K, committed 4160K, reserved 1048576K
}
Event: 12.242 GC heap before
{Heap before GC invocations=10 (full 0):
 garbage-first heap   total 48128K, used 34540K [0x0000000083000000, 0x0000000100000000)
  region size 1024K, 20 young (20480K), 3 survivors (3072K)
 Metaspace       used 34346K, committed 34752K, reserved 1114112K
  class space    used 4317K, committed 4544K, reserved 1048576K
}
Event: 12.279 GC heap after
{Heap after GC invocations=11 (full 0):
 garbage-first heap   total 48128K, used 19439K [0x0000000083000000, 0x0000000100000000)
  region size 1024K, 3 young (3072K), 3 survivors (3072K)
 Metaspace       used 34346K, committed 34752K, reserved 1114112K
  class space    used 4317K, committed 4544K, reserved 1048576K
}
Event: 12.909 GC heap before
{Heap before GC invocations=11 (full 0):
 garbage-first heap   total 48128K, used 26607K [0x0000000083000000, 0x0000000100000000)
  region size 1024K, 11 young (11264K), 3 survivors (3072K)
 Metaspace       used 35746K, committed 36160K, reserved 1114112K
  class space    used 4534K, committed 4736K, reserved 1048576K
}
Event: 12.927 GC heap after
{Heap after GC invocations=12 (full 0):
 garbage-first heap   total 76800K, used 19986K [0x0000000083000000, 0x0000000100000000)
  region size 1024K, 2 young (2048K), 2 survivors (2048K)
 Metaspace       used 35746K, committed 36160K, reserved 1114112K
  class space    used 4534K, committed 4736K, reserved 1048576K
}
Event: 15.355 GC heap before
{Heap before GC invocations=13 (full 0):
 garbage-first heap   total 71680K, used 59922K [0x0000000083000000, 0x0000000100000000)
  region size 1024K, 41 young (41984K), 2 survivors (2048K)
 Metaspace       used 44269K, committed 44672K, reserved 1114112K
  class space    used 5748K, committed 5952K, reserved 1048576K
}
Event: 15.372 GC heap after
{Heap after GC invocations=14 (full 0):
 garbage-first heap   total 71680K, used 21947K [0x0000000083000000, 0x0000000100000000)
  region size 1024K, 4 young (4096K), 4 survivors (4096K)
 Metaspace       used 44269K, committed 44672K, reserved 1114112K
  class space    used 5748K, committed 5952K, reserved 1048576K
}
Event: 17.120 GC heap before
{Heap before GC invocations=14 (full 0):
 garbage-first heap   total 71680K, used 55739K [0x0000000083000000, 0x0000000100000000)
  region size 1024K, 37 young (37888K), 4 survivors (4096K)
 Metaspace       used 51210K, committed 51648K, reserved 1114112K
  class space    used 6627K, committed 6848K, reserved 1048576K
}
Event: 17.140 GC heap after
{Heap after GC invocations=15 (full 0):
 garbage-first heap   total 71680K, used 23128K [0x0000000083000000, 0x0000000100000000)
  region size 1024K, 4 young (4096K), 4 survivors (4096K)
 Metaspace       used 51210K, committed 51648K, reserved 1114112K
  class space    used 6627K, committed 6848K, reserved 1048576K
}
Event: 18.477 GC heap before
{Heap before GC invocations=15 (full 0):
 garbage-first heap   total 71680K, used 54872K [0x0000000083000000, 0x0000000100000000)
  region size 1024K, 36 young (36864K), 4 survivors (4096K)
 Metaspace       used 58271K, committed 58752K, reserved 1114112K
  class space    used 7809K, committed 8000K, reserved 1048576K
}
Event: 18.494 GC heap after
{Heap after GC invocations=16 (full 0):
 garbage-first heap   total 71680K, used 24378K [0x0000000083000000, 0x0000000100000000)
  region size 1024K, 3 young (3072K), 3 survivors (3072K)
 Metaspace       used 58271K, committed 58752K, reserved 1114112K
  class space    used 7809K, committed 8000K, reserved 1048576K
}
Event: 18.992 GC heap before
{Heap before GC invocations=16 (full 0):
 garbage-first heap   total 71680K, used 33594K [0x0000000083000000, 0x0000000100000000)
  region size 1024K, 13 young (13312K), 3 survivors (3072K)
 Metaspace       used 60296K, committed 60736K, reserved 1114112K
  class space    used 8115K, committed 8320K, reserved 1048576K
}
Event: 19.006 GC heap after
{Heap after GC invocations=17 (full 0):
 garbage-first heap   total 71680K, used 24788K [0x0000000083000000, 0x0000000100000000)
  region size 1024K, 3 young (3072K), 3 survivors (3072K)
 Metaspace       used 60296K, committed 60736K, reserved 1114112K
  class space    used 8115K, committed 8320K, reserved 1048576K
}
Event: 20.998 GC heap before
{Heap before GC invocations=18 (full 0):
 garbage-first heap   total 71680K, used 58580K [0x0000000083000000, 0x0000000100000000)
  region size 1024K, 36 young (36864K), 3 survivors (3072K)
 Metaspace       used 65180K, committed 65728K, reserved 1114112K
  class space    used 8814K, committed 9088K, reserved 1048576K
}
Event: 21.022 GC heap after
{Heap after GC invocations=19 (full 0):
 garbage-first heap   total 71680K, used 27110K [0x0000000083000000, 0x0000000100000000)
  region size 1024K, 5 young (5120K), 5 survivors (5120K)
 Metaspace       used 65180K, committed 65728K, reserved 1114112K
  class space    used 8814K, committed 9088K, reserved 1048576K
}
Event: 22.704 GC heap before
{Heap before GC invocations=20 (full 0):
 garbage-first heap   total 71680K, used 57830K [0x0000000083000000, 0x0000000100000000)
  region size 1024K, 35 young (35840K), 5 survivors (5120K)
 Metaspace       used 68991K, committed 69504K, reserved 1114112K
  class space    used 9361K, committed 9600K, reserved 1048576K
}
Event: 22.733 GC heap after
{Heap after GC invocations=21 (full 0):
 garbage-first heap   total 71680K, used 29342K [0x0000000083000000, 0x0000000100000000)
  region size 1024K, 5 young (5120K), 5 survivors (5120K)
 Metaspace       used 68991K, committed 69504K, reserved 1114112K
  class space    used 9361K, committed 9600K, reserved 1048576K
}
Event: 24.054 GC heap before
{Heap before GC invocations=21 (full 0):
 garbage-first heap   total 71680K, used 56990K [0x0000000083000000, 0x0000000100000000)
  region size 1024K, 32 young (32768K), 5 survivors (5120K)
 Metaspace       used 72956K, committed 73472K, reserved 1114112K
  class space    used 9959K, committed 10176K, reserved 1048576K
}
Event: 24.081 GC heap after
{Heap after GC invocations=22 (full 0):
 garbage-first heap   total 71680K, used 30786K [0x0000000083000000, 0x0000000100000000)
  region size 1024K, 2 young (2048K), 2 survivors (2048K)
 Metaspace       used 72956K, committed 73472K, reserved 1114112K
  class space    used 9959K, committed 10176K, reserved 1048576K
}

